<?xml version="1.0" encoding="UTF-8"?>
<!-- Generated by org.testng.reporters.JUnitReportReporter -->
<testsuite hostname="Rashmi" failures="0" tests="1" name="test.LoginTest" time="3.423" errors="0" timestamp="2023-10-12T14:20:08 CDT" skipped="0">
  <testcase classname="test.LoginTest" name="validUserShouldBeAbletoLogin" time="3.423"/>
</testsuite> <!-- test.LoginTest -->
