<?xml version="1.0" encoding="UTF-8"?>
<!-- Generated by org.testng.reporters.JUnitReportReporter -->
<testsuite hostname="Rashmi" failures="0" tests="1" name="test.AddCustomerTest" time="5.769" errors="0" timestamp="2023-10-13T00:06:32 CDT" skipped="0">
  <testcase classname="test.AddCustomerTest" name="userShouldBeAbleAddCustomer" time="5.769"/>
</testsuite> <!-- test.AddCustomerTest -->
